111.01.09 15:04 B c:\Documents and Settings\Daniel ben Avram\My Documents\Webpages\New Mecca\home.htm --> ftp.peacehost.net /webdocs/NewMecca home.htm
111.01.09 15:07 B c:\Documents and Settings\Daniel ben Avram\My Documents\Webpages\New Mecca\index.htm --> ftp.peacehost.net /webdocs/NewMecca index.htm
111.01.09 15:10 B c:\Documents and Settings\Daniel ben Avram\My Documents\Webpages\New Mecca\index.htm --> ftp.peacehost.net /webdocs/NewMecca index.htm
111.01.09 15:15 B c:\Documents and Settings\Daniel ben Avram\My Documents\Webpages\New Mecca\home.htm --> ftp.peacehost.net /webdocs/NewMecca home.htm
111.01.09 15:16 B c:\Documents and Settings\Daniel ben Avram\My Documents\Webpages\New Mecca\home.htm --> ftp.peacehost.net /webdocs/NewMecca home.htm
111.01.09 15:16 B c:\Documents and Settings\Daniel ben Avram\My Documents\Webpages\New Mecca\home.htm --> ftp.peacehost.net /webdocs/NewMecca home.htm
111.01.17 19:59 B c:\Documents and Settings\Daniel ben Avram\My Documents\Webpages\New Mecca\home.htm --> ftp.peacehost.net /webdocs/NewMecca home.htm
111.01.17 20:01 B c:\Documents and Settings\Daniel ben Avram\My Documents\Webpages\New Mecca\home.htm --> ftp.peacehost.net /webdocs/NewMecca home.htm
111.01.17 20:05 B c:\Documents and Settings\Daniel ben Avram\My Documents\Webpages\New Mecca\home.htm --> ftp.peacehost.net /webdocs/NewMecca home.htm
111.01.17 20:06 B c:\Documents and Settings\Daniel ben Avram\My Documents\Webpages\New Mecca\home.htm --> ftp.peacehost.net /webdocs/NewMecca home.htm
111.01.17 20:07 B c:\Documents and Settings\Daniel ben Avram\My Documents\Webpages\New Mecca\home.htm --> ftp.peacehost.net /webdocs/NewMecca home.htm
111.01.17 20:08 B c:\Documents and Settings\Daniel ben Avram\My Documents\Webpages\New Mecca\music.htm --> ftp.peacehost.net /webdocs/NewMecca music.htm
111.01.17 20:11 B c:\Documents and Settings\Daniel ben Avram\My Documents\Webpages\New Mecca\button_01_4.swf_10493 --> ftp.peacehost.net /webdocs/NewMecca button_01_4.swf_10493
111.01.17 20:11 B c:\Documents and Settings\Daniel ben Avram\My Documents\Webpages\New Mecca\button_01_4.swf_14743 --> ftp.peacehost.net /webdocs/NewMecca button_01_4.swf_14743
111.01.17 20:11 B c:\Documents and Settings\Daniel ben Avram\My Documents\Webpages\New Mecca\home.htm --> ftp.peacehost.net /webdocs/NewMecca home.htm
111.01.17 20:12 B c:\Documents and Settings\Daniel ben Avram\My Documents\Webpages\New Mecca\button_01_4.swf --> ftp.peacehost.net /webdocs/NewMecca button_01_4.swf
111.01.17 20:12 B c:\Documents and Settings\Daniel ben Avram\My Documents\Webpages\New Mecca\home.htm --> ftp.peacehost.net /webdocs/NewMecca home.htm
111.01.17 20:16 B c:\Documents and Settings\Daniel ben Avram\My Documents\Webpages\New Mecca\home.htm --> ftp.peacehost.net /webdocs/NewMecca home.htm
111.02.17 11:53 B c:\Documents and Settings\Daniel ben Avram\My Documents\Webpages\New Mecca\home.htm --> ftp.peacehost.net /webdocs/NewMecca home.htm
111.02.17 12:19 B c:\Documents and Settings\Daniel ben Avram\My Documents\Webpages\New Mecca\CateringOrderForm.pdf --> ftp.peacehost.net /webdocs/NewMecca CateringOrderForm.pdf
111.02.17 12:19 B c:\Documents and Settings\Daniel ben Avram\My Documents\Webpages\New Mecca\catering_order_form.htm --> ftp.peacehost.net /webdocs/NewMecca catering_order_form.htm
111.02.17 12:24 B c:\Documents and Settings\Daniel ben Avram\My Documents\Webpages\New Mecca\home.htm --> ftp.peacehost.net /webdocs/NewMecca home.htm
111.02.17 12:28 B c:\Documents and Settings\Daniel ben Avram\My Documents\Webpages\New Mecca\CateringOrderForm.pdf --> ftp.peacehost.net /webdocs/NewMecca CateringOrderForm.pdf
111.02.17 12:29 B c:\Documents and Settings\Daniel ben Avram\My Documents\Webpages\New Mecca\CateringOrderForm.pdf --> ftp.peacehost.net /webdocs/NewMecca CateringOrderForm.pdf
111.02.17 15:03 B c:\Documents and Settings\Daniel ben Avram\My Documents\Webpages\New Mecca\home.htm --> ftp.peacehost.net /webdocs/NewMecca home.htm
111.02.22 16:19 B c:\Documents and Settings\Daniel ben Avram\My Documents\Webpages\New Mecca\home.htm --> ftp.peacehost.net /webdocs/NewMecca home.htm
111.02.22 16:43 B c:\Documents and Settings\Daniel ben Avram\My Documents\Webpages\New Mecca\home.htm --> ftp.peacehost.net /webdocs/NewMecca home.htm
111.02.22 17:10 B c:\Documents and Settings\Daniel ben Avram\My Documents\Webpages\New Mecca\home.htm --> ftp.peacehost.net /webdocs/NewMecca home.htm
111.02.22 17:13 B c:\Documents and Settings\Daniel ben Avram\My Documents\Webpages\New Mecca\home.htm --> ftp.peacehost.net /webdocs/NewMecca home.htm
111.02.22 18:36 B c:\Documents and Settings\Daniel ben Avram\My Documents\Webpages\New Mecca\home.htm --> ftp.peacehost.net /webdocs/NewMecca home.htm
111.02.22 18:38 B c:\Documents and Settings\Daniel ben Avram\My Documents\Webpages\New Mecca\Mecca.gif <-- ftp.peacehost.net /webdocs/NewMecca Mecca.gif
111.02.22 18:39 B c:\Documents and Settings\Daniel ben Avram\My Documents\Webpages\New Mecca\logo.JPG <-- ftp.peacehost.net /webdocs/NewMecca logo.JPG
111.02.22 18:43 B c:\Documents and Settings\Daniel ben Avram\My Documents\Webpages\New Mecca\home.htm --> ftp.peacehost.net /webdocs/NewMecca home.htm
111.02.22 18:46 B c:\Documents and Settings\Daniel ben Avram\My Documents\Webpages\New Mecca\QR.htm --> ftp.peacehost.net /webdocs/NewMecca QR.htm
111.02.22 18:57 B c:\Documents and Settings\Daniel ben Avram\My Documents\Webpages\New Mecca\QRcode.GIF --> ftp.peacehost.net /webdocs/NewMecca QRcode.GIF
111.02.22 18:57 B c:\Documents and Settings\Daniel ben Avram\My Documents\Webpages\New Mecca\QR.htm --> ftp.peacehost.net /webdocs/NewMecca QR.htm
111.02.22 18:57 B c:\Documents and Settings\Daniel ben Avram\My Documents\Webpages\New Mecca\home.htm --> ftp.peacehost.net /webdocs/NewMecca home.htm
111.02.22 18:59 B c:\Documents and Settings\Daniel ben Avram\My Documents\Webpages\New Mecca\037.jpg --> ftp.peacehost.net /webdocs/NewMecca 037.jpg
111.02.22 19:01 B c:\Documents and Settings\Daniel ben Avram\My Documents\Webpages\New Mecca\QR.htm --> ftp.peacehost.net /webdocs/NewMecca QR.htm
111.02.22 19:02 B c:\Documents and Settings\Daniel ben Avram\My Documents\Webpages\New Mecca\home.htm --> ftp.peacehost.net /webdocs/NewMecca home.htm
111.02.22 19:03 B c:\Documents and Settings\Daniel ben Avram\My Documents\Webpages\New Mecca\home.htm --> ftp.peacehost.net /webdocs/NewMecca home.htm
111.03.18 15:27 B c:\Documents and Settings\Daniel ben Avram\My Documents\Webpages\New Mecca\GuillermoPoster.JPG --> ftp.peacehost.net /webdocs/NewMecca GuillermoPoster.JPG
111.03.18 15:27 B c:\Documents and Settings\Daniel ben Avram\My Documents\Webpages\New Mecca\Celebration.htm --> ftp.peacehost.net /webdocs/NewMecca Celebration.htm
111.03.20 18:03 B c:\Documents and Settings\Daniel ben Avram\My Documents\Webpages\New Mecca\Guillermo.pdf --> ftp.peacehost.net /webdocs/NewMecca Guillermo.pdf
111.03.22 13:42 B c:\Documents and Settings\Daniel ben Avram\My Documents\Webpages\New Mecca\Guillermo.pdf --> ftp.peacehost.net /webdocs/NewMecca Guillermo.pdf
111.03.22 13:53 B c:\Documents and Settings\Daniel ben Avram\My Documents\Webpages\New Mecca\WebBANNER.jpg --> ftp.peacehost.net /webdocs/NewMecca WebBANNER.jpg
111.03.22 13:58 B c:\Documents and Settings\Daniel ben Avram\My Documents\Webpages\New Mecca\home.htm --> ftp.peacehost.net /webdocs/NewMecca home.htm
111.03.22 14:01 B c:\Documents and Settings\Daniel ben Avram\My Documents\Webpages\New Mecca\home.htm --> ftp.peacehost.net /webdocs/NewMecca home.htm
111.03.22 14:09 B c:\Documents and Settings\Daniel ben Avram\My Documents\Webpages\New Mecca\home.htm --> ftp.peacehost.net /webdocs/NewMecca home.htm
111.03.22 14:38 B c:\Documents and Settings\Daniel ben Avram\My Documents\Webpages\New Mecca\home.htm --> ftp.peacehost.net /webdocs/NewMecca home.htm
111.03.22 14:41 B c:\Documents and Settings\Daniel ben Avram\My Documents\Webpages\New Mecca\home.htm --> ftp.peacehost.net /webdocs/NewMecca home.htm
111.03.22 14:44 B c:\Documents and Settings\Daniel ben Avram\My Documents\Webpages\New Mecca\home.htm --> ftp.peacehost.net /webdocs/NewMecca home.htm
111.03.22 16:04 B c:\Documents and Settings\Daniel ben Avram\My Documents\Webpages\New Mecca\home.htm --> ftp.peacehost.net /webdocs/NewMecca home.htm
111.03.22 16:58 B c:\Documents and Settings\Daniel ben Avram\My Documents\Webpages\New Mecca\home.htm --> ftp.peacehost.net /webdocs/NewMecca home.htm
111.03.22 17:00 B c:\Documents and Settings\Daniel ben Avram\My Documents\Webpages\New Mecca\home.htm --> ftp.peacehost.net /webdocs/NewMecca home.htm
111.03.22 17:01 B c:\Documents and Settings\Daniel ben Avram\My Documents\Webpages\New Mecca\home.htm --> ftp.peacehost.net /webdocs/NewMecca home.htm
111.03.22 19:56 B c:\Documents and Settings\Daniel ben Avram\My Documents\Webpages\New Mecca\home.htm --> ftp.peacehost.net /webdocs/NewMecca home.htm
111.03.23 11:28 B c:\Documents and Settings\Daniel ben Avram\My Documents\Webpages\New Mecca\Guillermo.pdf --> ftp.peacehost.net /webdocs/NewMecca Guillermo.pdf
111.03.23 11:49 B c:\Documents and Settings\Daniel ben Avram\My Documents\Webpages\New Mecca\Guillermo.pdf --> ftp.peacehost.net /webdocs/NewMecca Guillermo.pdf
111.03.23 11:51 B c:\Documents and Settings\Daniel ben Avram\My Documents\Webpages\New Mecca\Guillermo.pdf --> ftp.peacehost.net /webdocs/NewMecca Guillermo.pdf
111.03.24 16:07 B c:\Documents and Settings\Daniel ben Avram\My Documents\Webpages\New Mecca\Guillermo.pdf --> ftp.peacehost.net /webdocs/NewMecca Guillermo.pdf
111.03.31 11:50 B c:\Documents and Settings\Daniel ben Avram\My Documents\Webpages\New Mecca\WebBANNER.jpg --> ftp.peacehost.net /webdocs/NewMecca WebBANNER.jpg
111.04.10 01:58 B c:\Documents and Settings\Daniel ben Avram\My Documents\Webpages\New Mecca\Mecca_Menu_inside_a.jpg --> ftp.peacehost.net /webdocs/NewMecca Mecca_Menu_inside_a.jpg
111.04.10 02:10 B c:\Documents and Settings\Daniel ben Avram\My Documents\Webpages\New Mecca\Mecca_Menu_inside_b.jpg --> ftp.peacehost.net /webdocs/NewMecca Mecca_Menu_inside_b.jpg
111.04.10 02:34 B c:\Documents and Settings\Daniel ben Avram\My Documents\Webpages\New Mecca\Mecca_Menu_inside_c.JPG --> ftp.peacehost.net /webdocs/NewMecca Mecca_Menu_inside_c.JPG
111.04.10 14:18 B c:\Documents and Settings\Daniel ben Avram\My Documents\Webpages\New Mecca\Celebration.htm <-- ftp.peacehost.net /webdocs/NewMecca Celebration.htm
111.04.16 19:11 B c:\Documents and Settings\Daniel ben Avram\My Documents\Webpages\New Mecca\ProgramOut(8).pdf --> ftp.peacehost.net /webdocs/NewMecca ProgramOut(8).pdf
111.04.16 19:12 B c:\Documents and Settings\Daniel ben Avram\My Documents\Webpages\New Mecca\Program-In(8).pdf --> ftp.peacehost.net /webdocs/NewMecca Program-In(8).pdf
111.04.16 19:15 B c:\Documents and Settings\Daniel ben Avram\My Documents\Webpages\New Mecca\ProgramOut(8).pdf --> ftp-dom.earthlink.net /webdocs/PeaceHost ProgramOut(8).pdf
111.04.16 19:15 B c:\Documents and Settings\Daniel ben Avram\My Documents\Webpages\New Mecca\Program-In(8).pdf --> ftp-dom.earthlink.net /webdocs/PeaceHost Program-In(8).pdf
111.04.16 19:24 B c:\Documents and Settings\Daniel ben Avram\My Documents\Webpages\New Mecca\home.htm --> ftp.peacehost.net /webdocs/NewMecca home.htm
111.04.16 19:25 B c:\Documents and Settings\Daniel ben Avram\My Documents\Webpages\New Mecca\home.htm --> ftp.peacehost.net /webdocs/NewMecca home.htm
111.04.16 19:27 B c:\Documents and Settings\Daniel ben Avram\My Documents\Webpages\New Mecca\index.htm --> ftp.peacehost.net /webdocs/NewMecca index.htm
111.04.16 19:27 B c:\Documents and Settings\Daniel ben Avram\My Documents\Webpages\New Mecca\home.htm --> ftp.peacehost.net /webdocs/NewMecca home.htm
111.04.16 19:28 B c:\Documents and Settings\Daniel ben Avram\My Documents\Webpages\New Mecca\index.htm --> ftp.peacehost.net /webdocs/NewMecca index.htm
111.04.16 19:28 B c:\Documents and Settings\Daniel ben Avram\My Documents\Webpages\New Mecca\home.htm --> ftp.peacehost.net /webdocs/NewMecca home.htm
111.04.16 19:29 B c:\Documents and Settings\Daniel ben Avram\My Documents\Webpages\New Mecca\home.htm --> ftp.peacehost.net /webdocs/NewMecca home.htm
111.04.16 19:35 B c:\Documents and Settings\Daniel ben Avram\My Documents\Webpages\New Mecca\WebBANNER.jpg --> ftp.peacehost.net /webdocs/NewMecca WebBANNER.jpg
111.04.17 20:26 B c:\Documents and Settings\Daniel ben Avram\My Documents\Webpages\New Mecca\Guillermo.pdf --> ftp.peacehost.net /webdocs/NewMecca Guillermo.pdf
111.04.18 09:11 B c:\Documents and Settings\Daniel ben Avram\My Documents\Webpages\New Mecca\Celebration.htm --> ftp.peacehost.net /webdocs/NewMecca Celebration.htm
111.04.18 09:19 B c:\Documents and Settings\Daniel ben Avram\My Documents\Webpages\New Mecca\home.htm --> ftp.peacehost.net /webdocs/NewMecca home.htm
111.04.18 09:23 B c:\Documents and Settings\Daniel ben Avram\My Documents\Webpages\New Mecca\GuillermoPoster_2.JPG --> ftp.peacehost.net /webdocs/NewMecca GuillermoPoster_2.JPG
111.04.18 09:23 B c:\Documents and Settings\Daniel ben Avram\My Documents\Webpages\New Mecca\GuillermoProgram_inside.JPG --> ftp.peacehost.net /webdocs/NewMecca GuillermoProgram_inside.JPG
111.04.18 09:23 B c:\Documents and Settings\Daniel ben Avram\My Documents\Webpages\New Mecca\GuillermoProgram_outside.JPG --> ftp.peacehost.net /webdocs/NewMecca GuillermoProgram_outside.JPG
111.04.18 09:24 B c:\Documents and Settings\Daniel ben Avram\My Documents\Webpages\New Mecca\Guillermo.pdf --> ftp.peacehost.net /webdocs/NewMecca Guillermo.pdf
111.04.18 09:24 B c:\Documents and Settings\Daniel ben Avram\My Documents\Webpages\New Mecca\Guillermo_1.pdf --> ftp.peacehost.net /webdocs/NewMecca Guillermo_1.pdf
111.04.18 09:29 B c:\Documents and Settings\Daniel ben Avram\My Documents\Webpages\New Mecca\Celebration.htm --> ftp.peacehost.net /webdocs/NewMecca Celebration.htm
111.04.18 09:37 B c:\Documents and Settings\Daniel ben Avram\My Documents\Webpages\New Mecca\home.htm --> ftp.peacehost.net /webdocs/NewMecca home.htm
111.04.18 09:38 B c:\Documents and Settings\Daniel ben Avram\My Documents\Webpages\New Mecca\Celebration.htm --> ftp.peacehost.net /webdocs/NewMecca Celebration.htm
111.04.22 18:23 B c:\Documents and Settings\Daniel ben Avram\My Documents\Webpages\New Mecca\home.htm --> ftp.peacehost.net /webdocs/NewMecca home.htm
111.04.22 18:24 B c:\Documents and Settings\Daniel ben Avram\My Documents\Webpages\New Mecca\home.htm --> ftp.peacehost.net /webdocs/NewMecca home.htm
111.04.22 18:29 B c:\Documents and Settings\Daniel ben Avram\My Documents\Webpages\New Mecca\CateringOrderForm.pdf --> ftp.peacehost.net /webdocs/NewMecca CateringOrderForm.pdf
111.04.22 18:31 B c:\Documents and Settings\Daniel ben Avram\My Documents\Webpages\New Mecca\New+Mecca+Catering+menu[1].txt <-- ftp.peacehost.net /webdocs/NewMecca New+Mecca+Catering+menu[1].txt
111.04.22 19:11 B c:\Documents and Settings\Daniel ben Avram\My Documents\Webpages\New Mecca\Catering_menu.JPG --> ftp.peacehost.net /webdocs/NewMecca Catering_menu.JPG
111.04.22 19:11 B c:\Documents and Settings\Daniel ben Avram\My Documents\Webpages\New Mecca\home.htm --> ftp.peacehost.net /webdocs/NewMecca home.htm
111.04.22 19:12 B c:\Documents and Settings\Daniel ben Avram\My Documents\Webpages\New Mecca\home.htm --> ftp.peacehost.net /webdocs/NewMecca home.htm
111.04.22 19:20 B c:\Documents and Settings\Daniel ben Avram\My Documents\Webpages\New Mecca\Catering_menu.htm --> ftp.peacehost.net /webdocs/NewMecca Catering_menu.htm
111.04.22 19:48 B c:\Documents and Settings\Daniel ben Avram\My Documents\Webpages\New Mecca\Catering_menu.htm --> ftp.peacehost.net /webdocs/NewMecca Catering_menu.htm
111.04.22 19:49 B c:\Documents and Settings\Daniel ben Avram\My Documents\Webpages\New Mecca\Catering_menu.htm --> ftp.peacehost.net /webdocs/NewMecca Catering_menu.htm
111.04.22 19:51 B c:\Documents and Settings\Daniel ben Avram\My Documents\Webpages\New Mecca\Catering_menu.htm --> ftp.peacehost.net /webdocs/NewMecca Catering_menu.htm
111.04.22 19:55 B c:\Documents and Settings\Daniel ben Avram\My Documents\Webpages\New Mecca\home.htm --> ftp.peacehost.net /webdocs/NewMecca home.htm
111.04.22 19:56 B c:\Documents and Settings\Daniel ben Avram\My Documents\Webpages\New Mecca\button_01_2.swf --> ftp.peacehost.net /webdocs/NewMecca button_01_2.swf
111.04.22 19:56 B c:\Documents and Settings\Daniel ben Avram\My Documents\Webpages\New Mecca\button_01_2.swf_27819 --> ftp.peacehost.net /webdocs/NewMecca button_01_2.swf_27819
111.04.22 20:01 B c:\Documents and Settings\Daniel ben Avram\My Documents\Webpages\New Mecca\catering_order_form.htm --> ftp.peacehost.net /webdocs/NewMecca catering_order_form.htm
111.04.22 20:02 B c:\Documents and Settings\Daniel ben Avram\My Documents\Webpages\New Mecca\Catering_menu.JPG --> ftp.peacehost.net /webdocs/NewMecca Catering_menu.JPG
111.04.25 11:18 B c:\Documents and Settings\Daniel ben Avram\My Documents\Webpages\New Mecca\home.htm --> ftp.peacehost.net /webdocs/NewMecca home.htm
111.04.25 11:21 B c:\Documents and Settings\Daniel ben Avram\My Documents\Webpages\New Mecca\home.htm --> ftp.peacehost.net /webdocs/NewMecca home.htm
111.04.25 11:21 B c:\Documents and Settings\Daniel ben Avram\My Documents\Webpages\New Mecca\WebBANNER.jpg --> ftp.peacehost.net /webdocs/NewMecca WebBANNER.jpg
111.04.25 11:22 B c:\Documents and Settings\Daniel ben Avram\My Documents\Webpages\New Mecca\home.htm --> ftp.peacehost.net /webdocs/NewMecca home.htm
111.04.30 17:57 B c:\Documents and Settings\Daniel ben Avram\My Documents\Webpages\New Mecca\home_preview.htm --> ftp.peacehost.net /webdocs/NewMecca home_preview.htm
